<?xml version="1.0" encoding="UTF-8"?>
<!-- Generated by org.testng.reporters.JUnitXMLReporter -->
<testsuite hostname="DESKTOP-TBO1O9L" ignored="0" name="Test" tests="8" failures="1" timestamp="17 Jul 2021 19:00:03 GMT" time="0.078" errors="0">
  <testcase name="tc1" time="0.015" classname="org.test.maven.Rerun"/>
  <testcase name="tc2" time="0.0" classname="org.test.maven.Rerun"/>
  <testcase name="tc3" time="0.0" classname="org.test.maven.Rerun">
    <skipped/>
  </testcase> <!-- tc3 -->
  <testcase name="tc3" time="0.015" classname="org.test.maven.Rerun">
    <skipped/>
  </testcase> <!-- tc3 -->
  <testcase name="tc3" time="0.0" classname="org.test.maven.Rerun">
    <skipped/>
  </testcase> <!-- tc3 -->
  <testcase name="tc3" time="0.0" classname="org.test.maven.Rerun">
    <skipped/>
  </testcase> <!-- tc3 -->
  <testcase name="tc3" time="0.0" classname="org.test.maven.Rerun">
    <skipped/>
  </testcase> <!-- tc3 -->
  <testcase name="tc3" time="0.0" classname="org.test.maven.Rerun">
    <failure type="java.lang.AssertionError" message="expected [true] but found [false]">
      <![CDATA[java.lang.AssertionError: expected [true] but found [false]
at org.test.maven.Rerun.tc3(Rerun.java:21)
... Removed 29 stack frames]]>
    </failure>
  </testcase> <!-- tc3 -->
</testsuite> <!-- Test -->
